<?xml version="1.0" encoding="utf-8"?><testsuites><testsuite name="pytest" errors="0" failures="0" skipped="0" tests="44" time="0.705" timestamp="2025-03-21T08:13:59.193310-04:00" hostname="DEANSLENOVA"><testcase classname="tests.test_100_products" name="test_get_all_products" time="0.110" /><testcase classname="tests.test_100_products" name="test_create_product[payload0-201--]" time="0.019" /><testcase classname="tests.test_100_products" name="test_create_product[payload1-201--]" time="0.015" /><testcase classname="tests.test_100_products" name="test_create_product[payload2-201--]" time="0.014" /><testcase classname="tests.test_100_products" name="test_create_product[payload3-422-Field required-Missing Product Name]" time="0.004" /><testcase classname="tests.test_100_products" name="test_create_product[payload4-422-Input should be 'draft', 'active' or 'archived'-]" time="0.005" /><testcase classname="tests.test_100_products" name="test_create_product[payload5-422-Input should be 'draft', 'active' or 'archived'-]" time="0.006" /><testcase classname="tests.test_100_products" name="test_create_product[payload6-422-Input should be 'draft', 'active' or 'archived'-]" time="0.005" /><testcase classname="tests.test_100_products" name="test_create_product[payload7-422-Input should be 'draft', 'active' or 'archived'-]" time="0.005" /><testcase classname="tests.test_100_products" name="test_create_product[payload8-422-Input should be 'draft', 'active' or 'archived'-]" time="0.005" /><testcase classname="tests.test_100_products" name="test_create_product[payload9-201--]" time="0.015" /><testcase classname="tests.test_100_products" name="test_create_product[payload10-201--]" time="0.015" /><testcase classname="tests.test_100_products" name="test_get_product_by_id[4-200--]" time="0.008" /><testcase classname="tests.test_100_products" name="test_get_product_by_id[5-200--]" time="0.007" /><testcase classname="tests.test_100_products" name="test_get_product_by_id[6-200--]" time="0.007" /><testcase classname="tests.test_100_products" name="test_invalid_product_fetch[9999-404-Not Found-]" time="0.004" /><testcase classname="tests.test_100_products" name="test_invalid_product_fetch[1-404-Not Found-]" time="0.007" /><testcase classname="tests.test_200_test_plans" name="test_get_all_test_plans" time="0.014" /><testcase classname="tests.test_200_test_plans" name="test_create_test_plan" time="0.016" /><testcase classname="tests.test_200_test_plans" name="test_update_test_plan" time="0.019" /><testcase classname="tests.test_200_test_plans" name="test_delete_test_plan" time="0.024" /><testcase classname="tests.test_300_test_suites" name="test_get_all_test_suites" time="0.011" /><testcase classname="tests.test_300_test_suites" name="test_create_test_suite" time="0.020" /><testcase classname="tests.test_300_test_suites" name="test_update_test_suite" time="0.018" /><testcase classname="tests.test_300_test_suites" name="test_delete_test_suite" time="0.019" /><testcase classname="tests.test_400_association_plans_suites" name="test_associate_valid_test_suite" time="0.022" /><testcase classname="tests.test_400_association_plans_suites" name="test_cannot_associate_archived_test_suite" time="0.009" /><testcase classname="tests.test_TestProducts.TestProducts" name="test_get_all_products" time="0.011" /><testcase classname="tests.test_TestProducts.TestProducts" name="test_create_product[payload0-201--]" time="0.014" /><testcase classname="tests.test_TestProducts.TestProducts" name="test_create_product[payload1-201--]" time="0.013" /><testcase classname="tests.test_TestProducts.TestProducts" name="test_create_product[payload2-201--]" time="0.014" /><testcase classname="tests.test_TestProducts.TestProducts" name="test_create_product[payload3-422-Field required-Missing Product Name]" time="0.005" /><testcase classname="tests.test_TestProducts.TestProducts" name="test_create_product[payload4-422-Input should be 'draft', 'active' or 'archived'-]" time="0.004" /><testcase classname="tests.test_TestProducts.TestProducts" name="test_create_product[payload5-422-Input should be 'draft', 'active' or 'archived'-]" time="0.005" /><testcase classname="tests.test_TestProducts.TestProducts" name="test_create_product[payload6-422-Input should be 'draft', 'active' or 'archived'-]" time="0.006" /><testcase classname="tests.test_TestProducts.TestProducts" name="test_create_product[payload7-422-Input should be 'draft', 'active' or 'archived'-]" time="0.004" /><testcase classname="tests.test_TestProducts.TestProducts" name="test_create_product[payload8-422-Input should be 'draft', 'active' or 'archived'-]" time="0.009" /><testcase classname="tests.test_TestProducts.TestProducts" name="test_create_product[payload9-201--]" time="0.021" /><testcase classname="tests.test_TestProducts.TestProducts" name="test_create_product[payload10-201--]" time="0.016" /><testcase classname="tests.test_TestProducts.TestProducts" name="test_get_product_by_id[4-200--]" time="0.009" /><testcase classname="tests.test_TestProducts.TestProducts" name="test_get_product_by_id[5-200--]" time="0.007" /><testcase classname="tests.test_TestProducts.TestProducts" name="test_get_product_by_id[6-200--]" time="0.010" /><testcase classname="tests.test_TestProducts.TestProducts" name="test_invalid_product_fetch[9999-404-Not Found-]" time="0.003" /><testcase classname="tests.test_TestProducts.TestProducts" name="test_invalid_product_fetch[1-404-Not Found-]" time="0.008" /></testsuite></testsuites>